<?xml version="1.0" encoding="UTF-8"?>
<testsuite name="com.monotonic.generics._1_what_and_why_of_generics.GenericCircularBufferTest" tests="4" skipped="0" failures="0" errors="0" timestamp="2018-02-13T13:04:50" hostname="Thalyss-MacBook-Pro.local" time="0.001">
  <properties/>
  <testcase name="shouldOfferPollableElement" classname="com.monotonic.generics._1_what_and_why_of_generics.GenericCircularBufferTest" time="0.0"/>
  <testcase name="shouldNotOfferWhenBufferIsFull" classname="com.monotonic.generics._1_what_and_why_of_generics.GenericCircularBufferTest" time="0.0"/>
  <testcase name="shouldNotPollWhenBufferIsEmpty" classname="com.monotonic.generics._1_what_and_why_of_generics.GenericCircularBufferTest" time="0.001"/>
  <testcase name="shouldRecycleBuffer" classname="com.monotonic.generics._1_what_and_why_of_generics.GenericCircularBufferTest" time="0.0"/>
  <system-out><![CDATA[]]></system-out>
  <system-err><![CDATA[]]></system-err>
</testsuite>
