<?xml version="1.0" encoding="UTF-8"?>
<testsuite name="com.monotonic.generics._3_classes_and_interfaces.before.SortedPairTest" tests="2" skipped="0" failures="0" errors="0" timestamp="2018-02-13T13:04:50" hostname="Thalyss-MacBook-Pro.local" time="0.001">
  <properties/>
  <testcase name="shouldFlipOrderOfMisorderedPair" classname="com.monotonic.generics._3_classes_and_interfaces.before.SortedPairTest" time="0.001"/>
  <testcase name="shouldRetainOrderOfOrderedPair" classname="com.monotonic.generics._3_classes_and_interfaces.before.SortedPairTest" time="0.0"/>
  <system-out><![CDATA[]]></system-out>
  <system-err><![CDATA[]]></system-err>
</testsuite>
